# JRE version: OpenJDK Runtime Environment (8.0_222-b10) (build 1.8.0_222-8u222-b10-1ubuntu1~16.04.1-b10)
# Java VM: OpenJDK 64-Bit Server VM (25.222-b10 mixed mode linux-amd64 compressed oops)
Heap:
 def new generation   total 118016K, used 104427K [0x00000000c0000000, 0x00000000c8000000, 0x00000000d5550000)
  eden space 104960K,  95% used [0x00000000c0000000, 0x00000000c6193240, 0x00000000c6680000)
  from space 13056K,  34% used [0x00000000c7340000, 0x00000000c77a7ca0, 0x00000000c8000000)
  to   space 13056K,  18% used [0x00000000c6680000, 0x00000000c68d7c28, 0x00000000c7340000)
 tenured generation   total 262068K, used 259766K [0x00000000d5550000, 0x00000000e553d000, 0x0000000100000000)
   the space 262068K,  99% used [0x00000000d5550000, 0x00000000e52fd8f8, 0x00000000e52fda00, 0x00000000e553d000)
 Metaspace       used 74891K, capacity 76046K, committed 76120K, reserved 1114112K
  class space    used 10591K, capacity 10833K, committed 10840K, reserved 1048576K
GC Heap History (10 events):
Event: 276.066 GC heap after
Heap after GC invocations=243 (full 11):
 def new generation   total 118016K, used 3211K [0x00000000c0000000, 0x00000000c8000000, 0x00000000d5550000)
  eden space 104960K,   0% used [0x00000000c0000000, 0x00000000c0000000, 0x00000000c6680000)
  from space 13056K,  24% used [0x00000000c7340000, 0x00000000c7662db0, 0x00000000c8000000)
  to   space 13056K,   0% used [0x00000000c6680000, 0x00000000c6680000, 0x00000000c7340000)
 tenured generation   total 262068K, used 226612K [0x00000000d5550000, 0x00000000e553d000, 0x0000000100000000)
   the space 262068K,  86% used [0x00000000d5550000, 0x00000000e329d2b8, 0x00000000e329d400, 0x00000000e553d000)
 Metaspace       used 74813K, capacity 75928K, committed 76120K, reserved 1114112K
  class space    used 10586K, capacity 10824K, committed 10840K, reserved 1048576K
}
Event: 297.160 GC heap before
{Heap before GC invocations=243 (full 11):
 def new generation   total 118016K, used 107968K [0x00000000c0000000, 0x00000000c8000000, 0x00000000d5550000)
  eden space 104960K,  99% used [0x00000000c0000000, 0x00000000c664d250, 0x00000000c6680000)
  from space 13056K,  24% used [0x00000000c7340000, 0x00000000c7662db0, 0x00000000c8000000)
  to   space 13056K,   0% used [0x00000000c6680000, 0x00000000c6680000, 0x00000000c7340000)
 tenured generation   total 262068K, used 226612K [0x00000000d5550000, 0x00000000e553d000, 0x0000000100000000)
   the space 262068K,  86% used [0x00000000d5550000, 0x00000000e329d2b8, 0x00000000e329d400, 0x00000000e553d000)
 Metaspace       used 74822K, capacity 75934K, committed 76120K, reserved 1114112K
  class space    used 10586K, capacity 10825K, committed 10840K, reserved 1048576K
Event: 297.368 GC heap after
Heap after GC invocations=244 (full 11):
 def new generation   total 118016K, used 3282K [0x00000000c0000000, 0x00000000c8000000, 0x00000000d5550000)
  eden space 104960K,   0% used [0x00000000c0000000, 0x00000000c0000000, 0x00000000c6680000)
  from space 13056K,  25% used [0x00000000c6680000, 0x00000000c69b4af0, 0x00000000c7340000)
  to   space 13056K,   0% used [0x00000000c7340000, 0x00000000c7340000, 0x00000000c8000000)
 tenured generation   total 262068K, used 226612K [0x00000000d5550000, 0x00000000e553d000, 0x0000000100000000)
   the space 262068K,  86% used [0x00000000d5550000, 0x00000000e329d2b8, 0x00000000e329d400, 0x00000000e553d000)
 Metaspace       used 74822K, capacity 75934K, committed 76120K, reserved 1114112K
  class space    used 10586K, capacity 10825K, committed 10840K, reserved 1048576K
}
Event: 311.299 GC heap before
{Heap before GC invocations=244 (full 11):
 def new generation   total 118016K, used 108242K [0x00000000c0000000, 0x00000000c8000000, 0x00000000d5550000)
  eden space 104960K, 100% used [0x00000000c0000000, 0x00000000c6680000, 0x00000000c6680000)
  from space 13056K,  25% used [0x00000000c6680000, 0x00000000c69b4af0, 0x00000000c7340000)
  to   space 13056K,   0% used [0x00000000c7340000, 0x00000000c7340000, 0x00000000c8000000)
 tenured generation   total 262068K, used 226612K [0x00000000d5550000, 0x00000000e553d000, 0x0000000100000000)
   the space 262068K,  86% used [0x00000000d5550000, 0x00000000e329d2b8, 0x00000000e329d400, 0x00000000e553d000)
 Metaspace       used 74829K, capacity 75998K, committed 76120K, reserved 1114112K
  class space    used 10586K, capacity 10825K, committed 10840K, reserved 1048576K
Event: 311.449 GC heap after
Heap after GC invocations=245 (full 11):
 def new generation   total 118016K, used 3319K [0x00000000c0000000, 0x00000000c8000000, 0x00000000d5550000)
  eden space 104960K,   0% used [0x00000000c0000000, 0x00000000c0000000, 0x00000000c6680000)
  from space 13056K,  25% used [0x00000000c7340000, 0x00000000c767df18, 0x00000000c8000000)
  to   space 13056K,   0% used [0x00000000c6680000, 0x00000000c6680000, 0x00000000c7340000)
 tenured generation   total 262068K, used 226612K [0x00000000d5550000, 0x00000000e553d000, 0x0000000100000000)
   the space 262068K,  86% used [0x00000000d5550000, 0x00000000e329d2b8, 0x00000000e329d400, 0x00000000e553d000)
 Metaspace       used 74829K, capacity 75998K, committed 76120K, reserved 1114112K
  class space    used 10586K, capacity 10825K, committed 10840K, reserved 1048576K
}
Event: 330.001 GC heap before
{Heap before GC invocations=245 (full 11):
 def new generation   total 118016K, used 102871K [0x00000000c0000000, 0x00000000c8000000, 0x00000000d5550000)
  eden space 104960K,  94% used [0x00000000c0000000, 0x00000000c6137e20, 0x00000000c6680000)
  from space 13056K,  25% used [0x00000000c7340000, 0x00000000c767df18, 0x00000000c8000000)
  to   space 13056K,   0% used [0x00000000c6680000, 0x00000000c6680000, 0x00000000c7340000)
 tenured generation   total 262068K, used 226612K [0x00000000d5550000, 0x00000000e553d000, 0x0000000100000000)
   the space 262068K,  86% used [0x00000000d5550000, 0x00000000e329d2b8, 0x00000000e329d400, 0x00000000e553d000)
 Metaspace       used 74835K, capacity 75998K, committed 76120K, reserved 1114112K
  class space    used 10586K, capacity 10825K, committed 10840K, reserved 1048576K
Event: 330.476 GC heap after
Heap after GC invocations=246 (full 11):
 def new generation   total 118016K, used 3401K [0x00000000c0000000, 0x00000000c8000000, 0x00000000d5550000)
  eden space 104960K,   0% used [0x00000000c0000000, 0x00000000c0000000, 0x00000000c6680000)
  from space 13056K,  26% used [0x00000000c6680000, 0x00000000c69d2510, 0x00000000c7340000)
  to   space 13056K,   0% used [0x00000000c7340000, 0x00000000c7340000, 0x00000000c8000000)
 tenured generation   total 262068K, used 226921K [0x00000000d5550000, 0x00000000e553d000, 0x0000000100000000)
   the space 262068K,  86% used [0x00000000d5550000, 0x00000000e32ea400, 0x00000000e32ea400, 0x00000000e553d000)
 Metaspace       used 74835K, capacity 75998K, committed 76120K, reserved 1114112K
  class space    used 10586K, capacity 10825K, committed 10840K, reserved 1048576K
}
Event: 376.234 GC heap before
{Heap before GC invocations=246 (full 11):
 def new generation   total 118016K, used 108361K [0x00000000c0000000, 0x00000000c8000000, 0x00000000d5550000)
  eden space 104960K, 100% used [0x00000000c0000000, 0x00000000c6680000, 0x00000000c6680000)
  from space 13056K,  26% used [0x00000000c6680000, 0x00000000c69d2510, 0x00000000c7340000)
  to   space 13056K,   0% used [0x00000000c7340000, 0x00000000c7340000, 0x00000000c8000000)
 tenured generation   total 262068K, used 226921K [0x00000000d5550000, 0x00000000e553d000, 0x0000000100000000)
   the space 262068K,  86% used [0x00000000d5550000, 0x00000000e32ea400, 0x00000000e32ea400, 0x00000000e553d000)
 Metaspace       used 74876K, capacity 76046K, committed 76120K, reserved 1114112K
  class space    used 10591K, capacity 10833K, committed 10840K, reserved 1048576K
Event: 376.437 GC heap after
Heap after GC invocations=247 (full 11):
 def new generation   total 118016K, used 4511K [0x00000000c0000000, 0x00000000c8000000, 0x00000000d5550000)
  eden space 104960K,   0% used [0x00000000c0000000, 0x00000000c0000000, 0x00000000c6680000)
  from space 13056K,  34% used [0x00000000c7340000, 0x00000000c77a7ca0, 0x00000000c8000000)
  to   space 13056K,   0% used [0x00000000c6680000, 0x00000000c6680000, 0x00000000c7340000)
 tenured generation   total 262068K, used 226991K [0x00000000d5550000, 0x00000000e553d000, 0x0000000100000000)
   the space 262068K,  86% used [0x00000000d5550000, 0x00000000e32fbce0, 0x00000000e32fbe00, 0x00000000e553d000)
 Metaspace       used 74876K, capacity 76046K, committed 76120K, reserved 1114112K
  class space    used 10591K, capacity 10833K, committed 10840K, reserved 1048576K
}
Event: 379.872 GC heap before
{Heap before GC invocations=247 (full 11):
 def new generation   total 118016K, used 104427K [0x00000000c0000000, 0x00000000c8000000, 0x00000000d5550000)
  eden space 104960K,  95% used [0x00000000c0000000, 0x00000000c6193240, 0x00000000c6680000)
  from space 13056K,  34% used [0x00000000c7340000, 0x00000000c77a7ca0, 0x00000000c8000000)
  to   space 13056K,   0% used [0x00000000c6680000, 0x00000000c6680000, 0x00000000c7340000)
 tenured generation   total 262068K, used 226991K [0x00000000d5550000, 0x00000000e553d000, 0x0000000100000000)
   the space 262068K,  86% used [0x00000000d5550000, 0x00000000e32fbce0, 0x00000000e32fbe00, 0x00000000e553d000)
 Metaspace       used 74891K, capacity 76046K, committed 76120K, reserved 1114112K
  class space    used 10591K, capacity 10833K, committed 10840K, reserved 1048576K

