# JRE version: OpenJDK Runtime Environment (8.0_222-b10) (build 1.8.0_222-8u222-b10-1ubuntu1~16.04.1-b10)
# Java VM: OpenJDK 64-Bit Server VM (25.222-b10 mixed mode linux-amd64 compressed oops)
Heap:
 def new generation   total 105280K, used 0K [0x00000000c0000000, 0x00000000c7230000, 0x00000000d5550000)
  eden space 93632K,   0% used [0x00000000c0000000, 0x00000000c0000000, 0x00000000c5b70000)
  from space 11648K,   0% used [0x00000000c66d0000, 0x00000000c66d0000, 0x00000000c7230000)
  to   space 11648K,   0% used [0x00000000c5b70000, 0x00000000c5b70000, 0x00000000c66d0000)
 tenured generation   total 250104K, used 227076K [0x00000000d5550000, 0x00000000e498e000, 0x0000000100000000)
   the space 250104K,  90% used [0x00000000d5550000, 0x00000000e3311398, 0x00000000e3311400, 0x00000000e498e000)
 Metaspace       used 75228K, capacity 76398K, committed 76632K, reserved 1116160K
  class space    used 10600K, capacity 10838K, committed 10840K, reserved 1048576K
GC Heap History (10 events):
Event: 409.496 GC heap after
Heap after GC invocations=266 (full 11):
 def new generation   total 105280K, used 1179K [0x00000000c0000000, 0x00000000c7230000, 0x00000000d5550000)
  eden space 93632K,   0% used [0x00000000c0000000, 0x00000000c0000000, 0x00000000c5b70000)
  from space 11648K,  10% used [0x00000000c5b70000, 0x00000000c5c96fe0, 0x00000000c66d0000)
  to   space 11648K,   0% used [0x00000000c66d0000, 0x00000000c66d0000, 0x00000000c7230000)
 tenured generation   total 233716K, used 163280K [0x00000000d5550000, 0x00000000e398d000, 0x0000000100000000)
   the space 233716K,  69% used [0x00000000d5550000, 0x00000000df4c41e8, 0x00000000df4c4200, 0x00000000e398d000)
 Metaspace       used 75082K, capacity 76268K, committed 76376K, reserved 1114112K
  class space    used 10592K, capacity 10826K, committed 10840K, reserved 1048576K
}
Event: 409.765 GC heap before
{Heap before GC invocations=266 (full 11):
 def new generation   total 105280K, used 94811K [0x00000000c0000000, 0x00000000c7230000, 0x00000000d5550000)
  eden space 93632K, 100% used [0x00000000c0000000, 0x00000000c5b70000, 0x00000000c5b70000)
  from space 11648K,  10% used [0x00000000c5b70000, 0x00000000c5c96fe0, 0x00000000c66d0000)
  to   space 11648K,   0% used [0x00000000c66d0000, 0x00000000c66d0000, 0x00000000c7230000)
 tenured generation   total 233716K, used 163280K [0x00000000d5550000, 0x00000000e398d000, 0x0000000100000000)
   the space 233716K,  69% used [0x00000000d5550000, 0x00000000df4c41e8, 0x00000000df4c4200, 0x00000000e398d000)
 Metaspace       used 75082K, capacity 76268K, committed 76376K, reserved 1114112K
  class space    used 10592K, capacity 10826K, committed 10840K, reserved 1048576K
Event: 409.770 GC heap after
Heap after GC invocations=267 (full 11):
 def new generation   total 105280K, used 1230K [0x00000000c0000000, 0x00000000c7230000, 0x00000000d5550000)
  eden space 93632K,   0% used [0x00000000c0000000, 0x00000000c0000000, 0x00000000c5b70000)
  from space 11648K,  10% used [0x00000000c66d0000, 0x00000000c6803bb8, 0x00000000c7230000)
  to   space 11648K,   0% used [0x00000000c5b70000, 0x00000000c5b70000, 0x00000000c66d0000)
 tenured generation   total 233716K, used 163280K [0x00000000d5550000, 0x00000000e398d000, 0x0000000100000000)
   the space 233716K,  69% used [0x00000000d5550000, 0x00000000df4c41e8, 0x00000000df4c4200, 0x00000000e398d000)
 Metaspace       used 75082K, capacity 76268K, committed 76376K, reserved 1114112K
  class space    used 10592K, capacity 10826K, committed 10840K, reserved 1048576K
}
Event: 410.039 GC heap before
{Heap before GC invocations=267 (full 11):
 def new generation   total 105280K, used 94862K [0x00000000c0000000, 0x00000000c7230000, 0x00000000d5550000)
  eden space 93632K, 100% used [0x00000000c0000000, 0x00000000c5b70000, 0x00000000c5b70000)
  from space 11648K,  10% used [0x00000000c66d0000, 0x00000000c6803bb8, 0x00000000c7230000)
  to   space 11648K,   0% used [0x00000000c5b70000, 0x00000000c5b70000, 0x00000000c66d0000)
 tenured generation   total 233716K, used 163280K [0x00000000d5550000, 0x00000000e398d000, 0x0000000100000000)
   the space 233716K,  69% used [0x00000000d5550000, 0x00000000df4c41e8, 0x00000000df4c4200, 0x00000000e398d000)
 Metaspace       used 75082K, capacity 76268K, committed 76376K, reserved 1114112K
  class space    used 10592K, capacity 10826K, committed 10840K, reserved 1048576K
Event: 410.047 GC heap after
Heap after GC invocations=268 (full 11):
 def new generation   total 105280K, used 1440K [0x00000000c0000000, 0x00000000c7230000, 0x00000000d5550000)
  eden space 93632K,   0% used [0x00000000c0000000, 0x00000000c0000000, 0x00000000c5b70000)
  from space 11648K,  12% used [0x00000000c5b70000, 0x00000000c5cd8018, 0x00000000c66d0000)
  to   space 11648K,   0% used [0x00000000c66d0000, 0x00000000c66d0000, 0x00000000c7230000)
 tenured generation   total 233716K, used 163280K [0x00000000d5550000, 0x00000000e398d000, 0x0000000100000000)
   the space 233716K,  69% used [0x00000000d5550000, 0x00000000df4c41e8, 0x00000000df4c4200, 0x00000000e398d000)
 Metaspace       used 75082K, capacity 76268K, committed 76376K, reserved 1114112K
  class space    used 10592K, capacity 10826K, committed 10840K, reserved 1048576K
}
Event: 410.417 GC heap before
{Heap before GC invocations=268 (full 11):
 def new generation   total 105280K, used 99168K [0x00000000c0000000, 0x00000000c7230000, 0x00000000d5550000)
  eden space 93632K, 100% used [0x00000000c0000000, 0x00000000c5b70000, 0x00000000c5b70000)
  from space 11648K,  47% used [0x00000000c5b70000, 0x00000000c60d8028, 0x00000000c66d0000)
  to   space 11648K,   0% used [0x00000000c66d0000, 0x00000000c66d0000, 0x00000000c7230000)
 tenured generation   total 233716K, used 163280K [0x00000000d5550000, 0x00000000e398d000, 0x0000000100000000)
   the space 233716K,  69% used [0x00000000d5550000, 0x00000000df4c41e8, 0x00000000df4c4200, 0x00000000e398d000)
 Metaspace       used 75190K, capacity 76368K, committed 76376K, reserved 1114112K
  class space    used 10597K, capacity 10832K, committed 10840K, reserved 1048576K
Event: 410.433 GC heap after
Heap after GC invocations=269 (full 11):
 def new generation   total 105280K, used 11612K [0x00000000c0000000, 0x00000000c7230000, 0x00000000d5550000)
  eden space 93632K,   0% used [0x00000000c0000000, 0x00000000c0000000, 0x00000000c5b70000)
  from space 11648K,  99% used [0x00000000c66d0000, 0x00000000c72273d0, 0x00000000c7230000)
  to   space 11648K,   0% used [0x00000000c5b70000, 0x00000000c5b70000, 0x00000000c66d0000)
 tenured generation   total 233716K, used 167376K [0x00000000d5550000, 0x00000000e398d000, 0x0000000100000000)
   the space 233716K,  71% used [0x00000000d5550000, 0x00000000df8c41f8, 0x00000000df8c4200, 0x00000000e398d000)
 Metaspace       used 75190K, capacity 76368K, committed 76376K, reserved 1114112K
  class space    used 10597K, capacity 10832K, committed 10840K, reserved 1048576K
}
Event: 410.625 GC heap before
{Heap before GC invocations=269 (full 11):
 def new generation   total 105280K, used 98132K [0x00000000c0000000, 0x00000000c7230000, 0x00000000d5550000)
  eden space 93632K,  92% used [0x00000000c0000000, 0x00000000c547de00, 0x00000000c5b70000)
  from space 11648K,  99% used [0x00000000c66d0000, 0x00000000c72273d0, 0x00000000c7230000)
  to   space 11648K,   0% used [0x00000000c5b70000, 0x00000000c5b70000, 0x00000000c66d0000)
 tenured generation   total 233716K, used 167376K [0x00000000d5550000, 0x00000000e398d000, 0x0000000100000000)
   the space 233716K,  71% used [0x00000000d5550000, 0x00000000df8c41f8, 0x00000000df8c4200, 0x00000000e398d000)
 Metaspace       used 75207K, capacity 76398K, committed 76632K, reserved 1116160K
  class space    used 10600K, capacity 10838K, committed 10840K, reserved 1048576K
Event: 410.642 GC heap after
Heap after GC invocations=270 (full 11):
 def new generation   total 105280K, used 2203K [0x00000000c0000000, 0x00000000c7230000, 0x00000000d5550000)
  eden space 93632K,   0% used [0x00000000c0000000, 0x00000000c0000000, 0x00000000c5b70000)
  from space 11648K,  18% used [0x00000000c5b70000, 0x00000000c5d96c70, 0x00000000c66d0000)
  to   space 11648K,   0% used [0x00000000c66d0000, 0x00000000c66d0000, 0x00000000c7230000)
 tenured generation   total 233716K, used 185514K [0x00000000d5550000, 0x00000000e398d000, 0x0000000100000000)
   the space 233716K,  79% used [0x00000000d5550000, 0x00000000e0a7aab8, 0x00000000e0a7ac00, 0x00000000e398d000)
 Metaspace       used 75207K, capacity 76398K, committed 76632K, reserved 1116160K
  class space    used 10600K, capacity 10838K, committed 10840K, reserved 1048576K
}
Event: 410.739 GC heap before
{Heap before GC invocations=270 (full 11):
 def new generation   total 105280K, used 95772K [0x00000000c0000000, 0x00000000c7230000, 0x00000000d5550000)
  eden space 93632K,  99% used [0x00000000c0000000, 0x00000000c5b60578, 0x00000000c5b70000)
  from space 11648K,  18% used [0x00000000c5b70000, 0x00000000c5d96c70, 0x00000000c66d0000)
  to   space 11648K,   0% used [0x00000000c66d0000, 0x00000000c66d0000, 0x00000000c7230000)
 tenured generation   total 233716K, used 185514K [0x00000000d5550000, 0x00000000e398d000, 0x0000000100000000)
   the space 233716K,  79% used [0x00000000d5550000, 0x00000000e0a7aab8, 0x00000000e0a7ac00, 0x00000000e398d000)
 Metaspace       used 75228K, capacity 76398K, committed 76632K, reserved 1116160K
  class space    used 10600K, capacity 10838K, committed 10840K, reserved 1048576K

