# JRE version: OpenJDK Runtime Environment (8.0_222-b10) (build 1.8.0_222-8u222-b10-1ubuntu1~16.04.1-b10)
# Java VM: OpenJDK 64-Bit Server VM (25.222-b10 mixed mode linux-amd64 compressed oops)
Heap:
 def new generation   total 118784K, used 110232K [0x00000000c0000000, 0x00000000c80e0000, 0x00000000d5550000)
  eden space 105600K, 100% used [0x00000000c0000000, 0x00000000c6720000, 0x00000000c6720000)
  from space 13184K,  35% used [0x00000000c7400000, 0x00000000c78861c0, 0x00000000c80e0000)
  to   space 13184K,  18% used [0x00000000c6720000, 0x00000000c69817a0, 0x00000000c7400000)
 tenured generation   total 263796K, used 247522K [0x00000000d5550000, 0x00000000e56ed000, 0x0000000100000000)
   the space 263796K,  93% used [0x00000000d5550000, 0x00000000e4708948, 0x00000000e4708a00, 0x00000000e56ed000)
 Metaspace       used 76381K, capacity 77632K, committed 77784K, reserved 1116160K
  class space    used 10710K, capacity 10965K, committed 10968K, reserved 1048576K
GC Heap History (10 events):
Event: 6308.184 GC heap after
Heap after GC invocations=276 (full 13):
 def new generation   total 118784K, used 3512K [0x00000000c0000000, 0x00000000c80e0000, 0x00000000d5550000)
  eden space 105600K,   0% used [0x00000000c0000000, 0x00000000c0000000, 0x00000000c6720000)
  from space 13184K,  26% used [0x00000000c7400000, 0x00000000c776e248, 0x00000000c80e0000)
  to   space 13184K,   0% used [0x00000000c6720000, 0x00000000c6720000, 0x00000000c7400000)
 tenured generation   total 263796K, used 230664K [0x00000000d5550000, 0x00000000e56ed000, 0x0000000100000000)
   the space 263796K,  87% used [0x00000000d5550000, 0x00000000e36921b0, 0x00000000e3692200, 0x00000000e56ed000)
 Metaspace       used 76262K, capacity 77526K, committed 77784K, reserved 1116160K
  class space    used 10707K, capacity 10958K, committed 10968K, reserved 1048576K
}
Event: 6308.545 GC heap before
{Heap before GC invocations=276 (full 13):
 def new generation   total 118784K, used 109112K [0x00000000c0000000, 0x00000000c80e0000, 0x00000000d5550000)
  eden space 105600K, 100% used [0x00000000c0000000, 0x00000000c6720000, 0x00000000c6720000)
  from space 13184K,  26% used [0x00000000c7400000, 0x00000000c776e248, 0x00000000c80e0000)
  to   space 13184K,   0% used [0x00000000c6720000, 0x00000000c6720000, 0x00000000c7400000)
 tenured generation   total 263796K, used 230664K [0x00000000d5550000, 0x00000000e56ed000, 0x0000000100000000)
   the space 263796K,  87% used [0x00000000d5550000, 0x00000000e36921b0, 0x00000000e3692200, 0x00000000e56ed000)
 Metaspace       used 76311K, capacity 77596K, committed 77784K, reserved 1116160K
  class space    used 10707K, capacity 10959K, committed 10968K, reserved 1048576K
Event: 6308.553 GC heap after
Heap after GC invocations=277 (full 13):
 def new generation   total 118784K, used 3530K [0x00000000c0000000, 0x00000000c80e0000, 0x00000000d5550000)
  eden space 105600K,   0% used [0x00000000c0000000, 0x00000000c0000000, 0x00000000c6720000)
  from space 13184K,  26% used [0x00000000c6720000, 0x00000000c6a92920, 0x00000000c7400000)
  to   space 13184K,   0% used [0x00000000c7400000, 0x00000000c7400000, 0x00000000c80e0000)
 tenured generation   total 263796K, used 230664K [0x00000000d5550000, 0x00000000e56ed000, 0x0000000100000000)
   the space 263796K,  87% used [0x00000000d5550000, 0x00000000e36921b0, 0x00000000e3692200, 0x00000000e56ed000)
 Metaspace       used 76311K, capacity 77596K, committed 77784K, reserved 1116160K
  class space    used 10707K, capacity 10959K, committed 10968K, reserved 1048576K
}
Event: 6308.960 GC heap before
{Heap before GC invocations=277 (full 13):
 def new generation   total 118784K, used 109009K [0x00000000c0000000, 0x00000000c80e0000, 0x00000000d5550000)
  eden space 105600K,  99% used [0x00000000c0000000, 0x00000000c6701c88, 0x00000000c6720000)
  from space 13184K,  26% used [0x00000000c6720000, 0x00000000c6a92920, 0x00000000c7400000)
  to   space 13184K,   0% used [0x00000000c7400000, 0x00000000c7400000, 0x00000000c80e0000)
 tenured generation   total 263796K, used 230664K [0x00000000d5550000, 0x00000000e56ed000, 0x0000000100000000)
   the space 263796K,  87% used [0x00000000d5550000, 0x00000000e36921b0, 0x00000000e3692200, 0x00000000e56ed000)
 Metaspace       used 76316K, capacity 77596K, committed 77784K, reserved 1116160K
  class space    used 10707K, capacity 10959K, committed 10968K, reserved 1048576K
Event: 6308.968 GC heap after
Heap after GC invocations=278 (full 13):
 def new generation   total 118784K, used 3343K [0x00000000c0000000, 0x00000000c80e0000, 0x00000000d5550000)
  eden space 105600K,   0% used [0x00000000c0000000, 0x00000000c0000000, 0x00000000c6720000)
  from space 13184K,  25% used [0x00000000c7400000, 0x00000000c7743cc0, 0x00000000c80e0000)
  to   space 13184K,   0% used [0x00000000c6720000, 0x00000000c6720000, 0x00000000c7400000)
 tenured generation   total 263796K, used 230962K [0x00000000d5550000, 0x00000000e56ed000, 0x0000000100000000)
   the space 263796K,  87% used [0x00000000d5550000, 0x00000000e36dc948, 0x00000000e36dca00, 0x00000000e56ed000)
 Metaspace       used 76316K, capacity 77596K, committed 77784K, reserved 1116160K
  class space    used 10707K, capacity 10959K, committed 10968K, reserved 1048576K
}
Event: 6309.306 GC heap before
{Heap before GC invocations=278 (full 13):
 def new generation   total 118784K, used 106008K [0x00000000c0000000, 0x00000000c80e0000, 0x00000000d5550000)
  eden space 105600K,  97% used [0x00000000c0000000, 0x00000000c64426b8, 0x00000000c6720000)
  from space 13184K,  25% used [0x00000000c7400000, 0x00000000c7743cc0, 0x00000000c80e0000)
  to   space 13184K,   0% used [0x00000000c6720000, 0x00000000c6720000, 0x00000000c7400000)
 tenured generation   total 263796K, used 230962K [0x00000000d5550000, 0x00000000e56ed000, 0x0000000100000000)
   the space 263796K,  87% used [0x00000000d5550000, 0x00000000e36dc948, 0x00000000e36dca00, 0x00000000e56ed000)
 Metaspace       used 76321K, capacity 77596K, committed 77784K, reserved 1116160K
  class space    used 10707K, capacity 10959K, committed 10968K, reserved 1048576K
Event: 6309.312 GC heap after
Heap after GC invocations=279 (full 13):
 def new generation   total 118784K, used 3040K [0x00000000c0000000, 0x00000000c80e0000, 0x00000000d5550000)
  eden space 105600K,   0% used [0x00000000c0000000, 0x00000000c0000000, 0x00000000c6720000)
  from space 13184K,  23% used [0x00000000c6720000, 0x00000000c6a182e0, 0x00000000c7400000)
  to   space 13184K,   0% used [0x00000000c7400000, 0x00000000c7400000, 0x00000000c80e0000)
 tenured generation   total 263796K, used 231048K [0x00000000d5550000, 0x00000000e56ed000, 0x0000000100000000)
   the space 263796K,  87% used [0x00000000d5550000, 0x00000000e36f2048, 0x00000000e36f2200, 0x00000000e56ed000)
 Metaspace       used 76321K, capacity 77596K, committed 77784K, reserved 1116160K
  class space    used 10707K, capacity 10959K, committed 10968K, reserved 1048576K
}
Event: 6533.889 GC heap before
{Heap before GC invocations=279 (full 13):
 def new generation   total 118784K, used 105225K [0x00000000c0000000, 0x00000000c80e0000, 0x00000000d5550000)
  eden space 105600K,  96% used [0x00000000c0000000, 0x00000000c63ca318, 0x00000000c6720000)
  from space 13184K,  23% used [0x00000000c6720000, 0x00000000c6a182e0, 0x00000000c7400000)
  to   space 13184K,   0% used [0x00000000c7400000, 0x00000000c7400000, 0x00000000c80e0000)
 tenured generation   total 263796K, used 231048K [0x00000000d5550000, 0x00000000e56ed000, 0x0000000100000000)
   the space 263796K,  87% used [0x00000000d5550000, 0x00000000e36f2048, 0x00000000e36f2200, 0x00000000e56ed000)
 Metaspace       used 76379K, capacity 77632K, committed 77784K, reserved 1116160K
  class space    used 10710K, capacity 10965K, committed 10968K, reserved 1048576K
Event: 6533.910 GC heap after
Heap after GC invocations=280 (full 13):
 def new generation   total 118784K, used 4632K [0x00000000c0000000, 0x00000000c80e0000, 0x00000000d5550000)
  eden space 105600K,   0% used [0x00000000c0000000, 0x00000000c0000000, 0x00000000c6720000)
  from space 13184K,  35% used [0x00000000c7400000, 0x00000000c78861c0, 0x00000000c80e0000)
  to   space 13184K,   0% used [0x00000000c6720000, 0x00000000c6720000, 0x00000000c7400000)
 tenured generation   total 263796K, used 231133K [0x00000000d5550000, 0x00000000e56ed000, 0x0000000100000000)
   the space 263796K,  87% used [0x00000000d5550000, 0x00000000e3707618, 0x00000000e3707800, 0x00000000e56ed000)
 Metaspace       used 76379K, capacity 77632K, committed 77784K, reserved 1116160K
  class space    used 10710K, capacity 10965K, committed 10968K, reserved 1048576K
}
Event: 6534.089 GC heap before
{Heap before GC invocations=280 (full 13):
 def new generation   total 118784K, used 110232K [0x00000000c0000000, 0x00000000c80e0000, 0x00000000d5550000)
  eden space 105600K, 100% used [0x00000000c0000000, 0x00000000c6720000, 0x00000000c6720000)
  from space 13184K,  35% used [0x00000000c7400000, 0x00000000c78861c0, 0x00000000c80e0000)
  to   space 13184K,   0% used [0x00000000c6720000, 0x00000000c6720000, 0x00000000c7400000)
 tenured generation   total 263796K, used 231133K [0x00000000d5550000, 0x00000000e56ed000, 0x0000000100000000)
   the space 263796K,  87% used [0x00000000d5550000, 0x00000000e3707618, 0x00000000e3707800, 0x00000000e56ed000)
 Metaspace       used 76381K, capacity 77632K, committed 77784K, reserved 1116160K
  class space    used 10710K, capacity 10965K, committed 10968K, reserved 1048576K

